<?xml version="1.0" encoding="UTF-8"?>
<testsuite name="com.trello.tests.tests.BoardModificationTests" tests="1" skipped="0" failures="0" errors="0" timestamp="2019-09-22T19:51:29" hostname="DESKTOP-2U6TAT8" time="11.572">
  <properties/>
  <testcase name="modifyOldBoard" classname="com.trello.tests.tests.BoardModificationTests" time="11.572"/>
  <system-out><![CDATA[]]></system-out>
  <system-err><![CDATA[Starting ChromeDriver 76.0.3809.126 (d80a294506b4c9d18015e755cee48f953ddc3f2f-refs/branch-heads/3809@{#1024}) on port 29067
Only local connections are allowed.
Please protect ports used by ChromeDriver and related test frameworks to prevent access by malicious code.
[1569181871.778][WARNING]: Timed out connecting to Chrome, retrying...
сен 22, 2019 10:51:13 PM org.openqa.selenium.remote.ProtocolHandshake createSession
INFO: Detected dialect: W3C
Starting ChromeDriver 76.0.3809.126 (d80a294506b4c9d18015e755cee48f953ddc3f2f-refs/branch-heads/3809@{#1024}) on port 20754
Only local connections are allowed.
Please protect ports used by ChromeDriver and related test frameworks to prevent access by malicious code.
[1569181877.068][WARNING]: Timed out connecting to Chrome, retrying...
сен 22, 2019 10:51:19 PM org.openqa.selenium.remote.ProtocolHandshake createSession
INFO: Detected dialect: W3C
[1569181881.155][WARNING]: Timed out connecting to Chrome, retrying...
]]></system-err>
</testsuite>
